{"D:\\phase-2\\repeat2\\IP-HCK69\\server\\app.js": {"path":"D:\\phase-2\\repeat2\\IP-HCK69\\server\\app.js","statementMap":{"0":{"start":{"line":1,"column":16},"end":{"line":1,"column":34}},"1":{"start":{"line":2,"column":14},"end":{"line":2,"column":33}},"2":{"start":{"line":3,"column":12},"end":{"line":3,"column":21}},"3":{"start":{"line":5,"column":13},"end":{"line":5,"column":28}},"4":{"start":{"line":6,"column":0},"end":{"line":6,"column":16}},"5":{"start":{"line":8,"column":0},"end":{"line":8,"column":49}},"6":{"start":{"line":9,"column":0},"end":{"line":9,"column":24}},"7":{"start":{"line":11,"column":0},"end":{"line":11,"column":15}},"8":{"start":{"line":13,"column":0},"end":{"line":13,"column":21}}},"fnMap":{},"branchMap":{},"s":{"0":1,"1":1,"2":1,"3":1,"4":1,"5":1,"6":1,"7":1,"8":1},"f":{},"b":{},"_coverageSchema":"1a1c01bbd47fc00a2c39e90264f33305004495a9","hash":"13241e2969f174a62791d735d28ea9bbff69590b"}
,"D:\\phase-2\\repeat2\\IP-HCK69\\server\\controllers\\authController.js": {"path":"D:\\phase-2\\repeat2\\IP-HCK69\\server\\controllers\\authController.js","statementMap":{"0":{"start":{"line":1,"column":17},"end":{"line":1,"column":38}},"1":{"start":{"line":2,"column":28},"end":{"line":2,"column":56}},"2":{"start":{"line":3,"column":22},"end":{"line":3,"column":47}},"3":{"start":{"line":4,"column":25},"end":{"line":4,"column":55}},"4":{"start":{"line":5,"column":15},"end":{"line":5,"column":33}},"5":{"start":{"line":9,"column":4},"end":{"line":16,"column":5}},"6":{"start":{"line":10,"column":19},"end":{"line":10,"column":46}},"7":{"start":{"line":12,"column":6},"end":{"line":12,"column":62}},"8":{"start":{"line":14,"column":6},"end":{"line":14,"column":25}},"9":{"start":{"line":15,"column":6},"end":{"line":15,"column":18}},"10":{"start":{"line":20,"column":4},"end":{"line":38,"column":5}},"11":{"start":{"line":21,"column":34},"end":{"line":21,"column":42}},"12":{"start":{"line":22,"column":6},"end":{"line":22,"column":50}},"13":{"start":{"line":22,"column":18},"end":{"line":22,"column":50}},"14":{"start":{"line":23,"column":6},"end":{"line":23,"column":52}},"15":{"start":{"line":23,"column":21},"end":{"line":23,"column":52}},"16":{"start":{"line":25,"column":19},"end":{"line":25,"column":66}},"17":{"start":{"line":26,"column":6},"end":{"line":26,"column":48}},"18":{"start":{"line":26,"column":17},"end":{"line":26,"column":48}},"19":{"start":{"line":28,"column":24},"end":{"line":28,"column":64}},"20":{"start":{"line":29,"column":6},"end":{"line":29,"column":53}},"21":{"start":{"line":29,"column":22},"end":{"line":29,"column":53}},"22":{"start":{"line":31,"column":22},"end":{"line":31,"column":37}},"23":{"start":{"line":32,"column":20},"end":{"line":32,"column":38}},"24":{"start":{"line":33,"column":21},"end":{"line":33,"column":32}},"25":{"start":{"line":34,"column":6},"end":{"line":34,"column":78}},"26":{"start":{"line":36,"column":6},"end":{"line":36,"column":25}},"27":{"start":{"line":37,"column":6},"end":{"line":37,"column":18}},"28":{"start":{"line":42,"column":4},"end":{"line":74,"column":5}},"29":{"start":{"line":43,"column":30},"end":{"line":43,"column":38}},"30":{"start":{"line":44,"column":6},"end":{"line":44,"column":52}},"31":{"start":{"line":45,"column":21},"end":{"line":49,"column":8}},"32":{"start":{"line":50,"column":6},"end":{"line":50,"column":50}},"33":{"start":{"line":50,"column":19},"end":{"line":50,"column":50}},"34":{"start":{"line":52,"column":6},"end":{"line":52,"column":43}},"35":{"start":{"line":53,"column":30},"end":{"line":53,"column":49}},"36":{"start":{"line":54,"column":30},"end":{"line":61,"column":8}},"37":{"start":{"line":62,"column":22},"end":{"line":62,"column":37}},"38":{"start":{"line":63,"column":20},"end":{"line":63,"column":38}},"39":{"start":{"line":64,"column":21},"end":{"line":64,"column":32}},"40":{"start":{"line":65,"column":6},"end":{"line":70,"column":9}},"41":{"start":{"line":72,"column":6},"end":{"line":72,"column":25}},"42":{"start":{"line":73,"column":6},"end":{"line":73,"column":18}},"43":{"start":{"line":78,"column":0},"end":{"line":78,"column":32}}},"fnMap":{"0":{"name":"(anonymous_0)","decl":{"start":{"line":8,"column":2},"end":{"line":8,"column":3}},"loc":{"start":{"line":8,"column":40},"end":{"line":17,"column":3}},"line":8},"1":{"name":"(anonymous_1)","decl":{"start":{"line":19,"column":2},"end":{"line":19,"column":3}},"loc":{"start":{"line":19,"column":37},"end":{"line":39,"column":3}},"line":19},"2":{"name":"(anonymous_2)","decl":{"start":{"line":41,"column":2},"end":{"line":41,"column":3}},"loc":{"start":{"line":41,"column":43},"end":{"line":75,"column":3}},"line":41}},"branchMap":{"0":{"loc":{"start":{"line":22,"column":6},"end":{"line":22,"column":50}},"type":"if","locations":[{"start":{"line":22,"column":6},"end":{"line":22,"column":50}},{"start":{},"end":{}}],"line":22},"1":{"loc":{"start":{"line":23,"column":6},"end":{"line":23,"column":52}},"type":"if","locations":[{"start":{"line":23,"column":6},"end":{"line":23,"column":52}},{"start":{},"end":{}}],"line":23},"2":{"loc":{"start":{"line":26,"column":6},"end":{"line":26,"column":48}},"type":"if","locations":[{"start":{"line":26,"column":6},"end":{"line":26,"column":48}},{"start":{},"end":{}}],"line":26},"3":{"loc":{"start":{"line":29,"column":6},"end":{"line":29,"column":53}},"type":"if","locations":[{"start":{"line":29,"column":6},"end":{"line":29,"column":53}},{"start":{},"end":{}}],"line":29},"4":{"loc":{"start":{"line":50,"column":6},"end":{"line":50,"column":50}},"type":"if","locations":[{"start":{"line":50,"column":6},"end":{"line":50,"column":50}},{"start":{},"end":{}}],"line":50}},"s":{"0":1,"1":1,"2":1,"3":1,"4":1,"5":7,"6":7,"7":2,"8":5,"9":5,"10":3,"11":3,"12":3,"13":1,"14":2,"15":1,"16":1,"17":1,"18":0,"19":1,"20":1,"21":0,"22":1,"23":1,"24":1,"25":1,"26":2,"27":2,"28":0,"29":0,"30":0,"31":0,"32":0,"33":0,"34":0,"35":0,"36":0,"37":0,"38":0,"39":0,"40":0,"41":0,"42":0,"43":1},"f":{"0":7,"1":3,"2":0},"b":{"0":[1,2],"1":[1,1],"2":[0,1],"3":[0,1],"4":[0,0]},"_coverageSchema":"1a1c01bbd47fc00a2c39e90264f33305004495a9","hash":"6ec9adb65397341eb09b32c6494f3198116febdf"}
,"D:\\phase-2\\repeat2\\IP-HCK69\\server\\controllers\\controller.js": {"path":"D:\\phase-2\\repeat2\\IP-HCK69\\server\\controllers\\controller.js","statementMap":{"0":{"start":{"line":1,"column":48},"end":{"line":1,"column":74}},"1":{"start":{"line":2,"column":23},"end":{"line":2,"column":49}},"2":{"start":{"line":3,"column":14},"end":{"line":3,"column":30}},"3":{"start":{"line":4,"column":19},"end":{"line":4,"column":40}},"4":{"start":{"line":5,"column":22},"end":{"line":5,"column":42}},"5":{"start":{"line":9,"column":4},"end":{"line":51,"column":5}},"6":{"start":{"line":10,"column":29},"end":{"line":10,"column":38}},"7":{"start":{"line":11,"column":19},"end":{"line":11,"column":45}},"8":{"start":{"line":13,"column":6},"end":{"line":19,"column":7}},"9":{"start":{"line":14,"column":8},"end":{"line":18,"column":10}},"10":{"start":{"line":22,"column":18},"end":{"line":22,"column":19}},"11":{"start":{"line":23,"column":23},"end":{"line":23,"column":24}},"12":{"start":{"line":24,"column":6},"end":{"line":38,"column":7}},"13":{"start":{"line":25,"column":8},"end":{"line":28,"column":9}},"14":{"start":{"line":26,"column":10},"end":{"line":26,"column":29}},"15":{"start":{"line":27,"column":10},"end":{"line":27,"column":31}},"16":{"start":{"line":30,"column":8},"end":{"line":34,"column":9}},"17":{"start":{"line":31,"column":10},"end":{"line":31,"column":36}},"18":{"start":{"line":32,"column":10},"end":{"line":32,"column":51}},"19":{"start":{"line":33,"column":10},"end":{"line":33,"column":31}},"20":{"start":{"line":36,"column":8},"end":{"line":36,"column":29}},"21":{"start":{"line":37,"column":8},"end":{"line":37,"column":49}},"22":{"start":{"line":40,"column":30},"end":{"line":40,"column":65}},"23":{"start":{"line":41,"column":6},"end":{"line":47,"column":9}},"24":{"start":{"line":49,"column":6},"end":{"line":49,"column":25}},"25":{"start":{"line":50,"column":6},"end":{"line":50,"column":18}},"26":{"start":{"line":55,"column":4},"end":{"line":78,"column":5}},"27":{"start":{"line":56,"column":21},"end":{"line":56,"column":31}},"28":{"start":{"line":58,"column":20},"end":{"line":65,"column":8}},"29":{"start":{"line":67,"column":6},"end":{"line":69,"column":7}},"30":{"start":{"line":68,"column":8},"end":{"line":68,"column":35}},"31":{"start":{"line":70,"column":6},"end":{"line":72,"column":7}},"32":{"start":{"line":71,"column":8},"end":{"line":71,"column":35}},"33":{"start":{"line":74,"column":6},"end":{"line":74,"column":34}},"34":{"start":{"line":76,"column":6},"end":{"line":76,"column":33}},"35":{"start":{"line":77,"column":6},"end":{"line":77,"column":18}},"36":{"start":{"line":82,"column":4},"end":{"line":100,"column":5}},"37":{"start":{"line":83,"column":21},"end":{"line":83,"column":29}},"38":{"start":{"line":84,"column":23},"end":{"line":94,"column":8}},"39":{"start":{"line":96,"column":6},"end":{"line":96,"column":37}},"40":{"start":{"line":98,"column":6},"end":{"line":98,"column":25}},"41":{"start":{"line":99,"column":6},"end":{"line":99,"column":18}},"42":{"start":{"line":104,"column":4},"end":{"line":134,"column":5}},"43":{"start":{"line":105,"column":21},"end":{"line":105,"column":29}},"44":{"start":{"line":106,"column":26},"end":{"line":106,"column":36}},"45":{"start":{"line":108,"column":23},"end":{"line":108,"column":52}},"46":{"start":{"line":109,"column":6},"end":{"line":111,"column":7}},"47":{"start":{"line":110,"column":8},"end":{"line":110,"column":35}},"48":{"start":{"line":113,"column":22},"end":{"line":118,"column":8}},"49":{"start":{"line":120,"column":6},"end":{"line":122,"column":7}},"50":{"start":{"line":121,"column":8},"end":{"line":121,"column":37}},"51":{"start":{"line":124,"column":21},"end":{"line":127,"column":8}},"52":{"start":{"line":130,"column":6},"end":{"line":130,"column":67}},"53":{"start":{"line":132,"column":6},"end":{"line":132,"column":25}},"54":{"start":{"line":133,"column":6},"end":{"line":133,"column":18}},"55":{"start":{"line":138,"column":4},"end":{"line":162,"column":5}},"56":{"start":{"line":139,"column":34},"end":{"line":139,"column":42}},"57":{"start":{"line":140,"column":26},"end":{"line":140,"column":36}},"58":{"start":{"line":142,"column":20},"end":{"line":142,"column":49}},"59":{"start":{"line":143,"column":20},"end":{"line":143,"column":49}},"60":{"start":{"line":145,"column":6},"end":{"line":147,"column":7}},"61":{"start":{"line":146,"column":8},"end":{"line":146,"column":35}},"62":{"start":{"line":149,"column":6},"end":{"line":151,"column":7}},"63":{"start":{"line":150,"column":8},"end":{"line":150,"column":35}},"64":{"start":{"line":153,"column":22},"end":{"line":156,"column":8}},"65":{"start":{"line":158,"column":6},"end":{"line":158,"column":36}},"66":{"start":{"line":160,"column":6},"end":{"line":160,"column":25}},"67":{"start":{"line":161,"column":6},"end":{"line":161,"column":18}},"68":{"start":{"line":166,"column":4},"end":{"line":186,"column":5}},"69":{"start":{"line":167,"column":26},"end":{"line":167,"column":36}},"70":{"start":{"line":168,"column":6},"end":{"line":168,"column":37}},"71":{"start":{"line":170,"column":22},"end":{"line":170,"column":54}},"72":{"start":{"line":171,"column":6},"end":{"line":176,"column":7}},"73":{"start":{"line":172,"column":8},"end":{"line":175,"column":10}},"74":{"start":{"line":178,"column":6},"end":{"line":178,"column":30}},"75":{"start":{"line":180,"column":6},"end":{"line":182,"column":68}},"76":{"start":{"line":184,"column":6},"end":{"line":184,"column":25}},"77":{"start":{"line":185,"column":6},"end":{"line":185,"column":18}},"78":{"start":{"line":190,"column":4},"end":{"line":197,"column":5}},"79":{"start":{"line":192,"column":20},"end":{"line":192,"column":41}},"80":{"start":{"line":193,"column":6},"end":{"line":193,"column":34}},"81":{"start":{"line":195,"column":6},"end":{"line":195,"column":25}},"82":{"start":{"line":196,"column":6},"end":{"line":196,"column":18}},"83":{"start":{"line":201,"column":4},"end":{"line":240,"column":5}},"84":{"start":{"line":202,"column":17},"end":{"line":205,"column":8}},"85":{"start":{"line":207,"column":20},"end":{"line":207,"column":44}},"86":{"start":{"line":208,"column":19},"end":{"line":208,"column":26}},"87":{"start":{"line":210,"column":22},"end":{"line":222,"column":7}},"88":{"start":{"line":224,"column":26},"end":{"line":224,"column":65}},"89":{"start":{"line":225,"column":29},"end":{"line":225,"column":46}},"90":{"start":{"line":227,"column":6},"end":{"line":231,"column":9}},"91":{"start":{"line":233,"column":6},"end":{"line":233,"column":62}},"92":{"start":{"line":234,"column":6},"end":{"line":236,"column":71}},"93":{"start":{"line":238,"column":6},"end":{"line":238,"column":25}},"94":{"start":{"line":239,"column":6},"end":{"line":239,"column":18}},"95":{"start":{"line":244,"column":24},"end":{"line":250,"column":6}},"96":{"start":{"line":251,"column":4},"end":{"line":251,"column":72}},"97":{"start":{"line":253,"column":4},"end":{"line":315,"column":5}},"98":{"start":{"line":254,"column":26},"end":{"line":254,"column":34}},"99":{"start":{"line":256,"column":20},"end":{"line":260,"column":8}},"100":{"start":{"line":262,"column":6},"end":{"line":262,"column":50}},"101":{"start":{"line":262,"column":18},"end":{"line":262,"column":50}},"102":{"start":{"line":264,"column":6},"end":{"line":266,"column":7}},"103":{"start":{"line":265,"column":8},"end":{"line":265,"column":76}},"104":{"start":{"line":268,"column":6},"end":{"line":270,"column":7}},"105":{"start":{"line":269,"column":8},"end":{"line":269,"column":71}},"106":{"start":{"line":272,"column":24},"end":{"line":272,"column":64}},"107":{"start":{"line":273,"column":30},"end":{"line":273,"column":77}},"108":{"start":{"line":274,"column":23},"end":{"line":281,"column":7}},"109":{"start":{"line":282,"column":6},"end":{"line":282,"column":40}},"110":{"start":{"line":283,"column":6},"end":{"line":311,"column":7}},"111":{"start":{"line":287,"column":8},"end":{"line":287,"column":53}},"112":{"start":{"line":288,"column":8},"end":{"line":288,"column":69}},"113":{"start":{"line":291,"column":30},"end":{"line":296,"column":12}},"114":{"start":{"line":297,"column":10},"end":{"line":297,"column":65}},"115":{"start":{"line":300,"column":8},"end":{"line":300,"column":36}},"116":{"start":{"line":302,"column":8},"end":{"line":304,"column":10}},"117":{"start":{"line":306,"column":8},"end":{"line":306,"column":61}},"118":{"start":{"line":308,"column":8},"end":{"line":310,"column":69}},"119":{"start":{"line":313,"column":6},"end":{"line":313,"column":25}},"120":{"start":{"line":314,"column":6},"end":{"line":314,"column":18}},"121":{"start":{"line":333,"column":0},"end":{"line":333,"column":28}}},"fnMap":{"0":{"name":"(anonymous_0)","decl":{"start":{"line":8,"column":2},"end":{"line":8,"column":3}},"loc":{"start":{"line":8,"column":40},"end":{"line":52,"column":3}},"line":8},"1":{"name":"(anonymous_1)","decl":{"start":{"line":54,"column":2},"end":{"line":54,"column":3}},"loc":{"start":{"line":54,"column":44},"end":{"line":79,"column":3}},"line":54},"2":{"name":"(anonymous_2)","decl":{"start":{"line":81,"column":2},"end":{"line":81,"column":3}},"loc":{"start":{"line":81,"column":38},"end":{"line":101,"column":3}},"line":81},"3":{"name":"(anonymous_3)","decl":{"start":{"line":103,"column":2},"end":{"line":103,"column":3}},"loc":{"start":{"line":103,"column":38},"end":{"line":135,"column":3}},"line":103},"4":{"name":"(anonymous_4)","decl":{"start":{"line":137,"column":2},"end":{"line":137,"column":3}},"loc":{"start":{"line":137,"column":39},"end":{"line":163,"column":3}},"line":137},"5":{"name":"(anonymous_5)","decl":{"start":{"line":165,"column":2},"end":{"line":165,"column":3}},"loc":{"start":{"line":165,"column":41},"end":{"line":187,"column":3}},"line":165},"6":{"name":"(anonymous_6)","decl":{"start":{"line":189,"column":2},"end":{"line":189,"column":3}},"loc":{"start":{"line":189,"column":40},"end":{"line":198,"column":3}},"line":189},"7":{"name":"(anonymous_7)","decl":{"start":{"line":200,"column":2},"end":{"line":200,"column":3}},"loc":{"start":{"line":200,"column":47},"end":{"line":241,"column":3}},"line":200},"8":{"name":"(anonymous_8)","decl":{"start":{"line":243,"column":2},"end":{"line":243,"column":3}},"loc":{"start":{"line":243,"column":46},"end":{"line":316,"column":3}},"line":243},"9":{"name":"main","decl":{"start":{"line":290,"column":23},"end":{"line":290,"column":27}},"loc":{"start":{"line":290,"column":30},"end":{"line":298,"column":9}},"line":290}},"branchMap":{"0":{"loc":{"start":{"line":13,"column":6},"end":{"line":19,"column":7}},"type":"if","locations":[{"start":{"line":13,"column":6},"end":{"line":19,"column":7}},{"start":{},"end":{}}],"line":13},"1":{"loc":{"start":{"line":24,"column":6},"end":{"line":38,"column":7}},"type":"if","locations":[{"start":{"line":24,"column":6},"end":{"line":38,"column":7}},{"start":{"line":35,"column":13},"end":{"line":38,"column":7}}],"line":24},"2":{"loc":{"start":{"line":25,"column":8},"end":{"line":28,"column":9}},"type":"if","locations":[{"start":{"line":25,"column":8},"end":{"line":28,"column":9}},{"start":{},"end":{}}],"line":25},"3":{"loc":{"start":{"line":30,"column":8},"end":{"line":34,"column":9}},"type":"if","locations":[{"start":{"line":30,"column":8},"end":{"line":34,"column":9}},{"start":{},"end":{}}],"line":30},"4":{"loc":{"start":{"line":67,"column":6},"end":{"line":69,"column":7}},"type":"if","locations":[{"start":{"line":67,"column":6},"end":{"line":69,"column":7}},{"start":{},"end":{}}],"line":67},"5":{"loc":{"start":{"line":70,"column":6},"end":{"line":72,"column":7}},"type":"if","locations":[{"start":{"line":70,"column":6},"end":{"line":72,"column":7}},{"start":{},"end":{}}],"line":70},"6":{"loc":{"start":{"line":109,"column":6},"end":{"line":111,"column":7}},"type":"if","locations":[{"start":{"line":109,"column":6},"end":{"line":111,"column":7}},{"start":{},"end":{}}],"line":109},"7":{"loc":{"start":{"line":120,"column":6},"end":{"line":122,"column":7}},"type":"if","locations":[{"start":{"line":120,"column":6},"end":{"line":122,"column":7}},{"start":{},"end":{}}],"line":120},"8":{"loc":{"start":{"line":145,"column":6},"end":{"line":147,"column":7}},"type":"if","locations":[{"start":{"line":145,"column":6},"end":{"line":147,"column":7}},{"start":{},"end":{}}],"line":145},"9":{"loc":{"start":{"line":149,"column":6},"end":{"line":151,"column":7}},"type":"if","locations":[{"start":{"line":149,"column":6},"end":{"line":151,"column":7}},{"start":{},"end":{}}],"line":149},"10":{"loc":{"start":{"line":171,"column":6},"end":{"line":176,"column":7}},"type":"if","locations":[{"start":{"line":171,"column":6},"end":{"line":176,"column":7}},{"start":{},"end":{}}],"line":171},"11":{"loc":{"start":{"line":262,"column":6},"end":{"line":262,"column":50}},"type":"if","locations":[{"start":{"line":262,"column":6},"end":{"line":262,"column":50}},{"start":{},"end":{}}],"line":262},"12":{"loc":{"start":{"line":264,"column":6},"end":{"line":266,"column":7}},"type":"if","locations":[{"start":{"line":264,"column":6},"end":{"line":266,"column":7}},{"start":{},"end":{}}],"line":264},"13":{"loc":{"start":{"line":268,"column":6},"end":{"line":270,"column":7}},"type":"if","locations":[{"start":{"line":268,"column":6},"end":{"line":270,"column":7}},{"start":{},"end":{}}],"line":268},"14":{"loc":{"start":{"line":283,"column":6},"end":{"line":311,"column":7}},"type":"if","locations":[{"start":{"line":283,"column":6},"end":{"line":311,"column":7}},{"start":{"line":307,"column":13},"end":{"line":311,"column":7}}],"line":283},"15":{"loc":{"start":{"line":284,"column":8},"end":{"line":285,"column":34}},"type":"binary-expr","locations":[{"start":{"line":284,"column":8},"end":{"line":284,"column":48}},{"start":{"line":285,"column":8},"end":{"line":285,"column":34}}],"line":284}},"s":{"0":1,"1":1,"2":1,"3":1,"4":1,"5":0,"6":0,"7":0,"8":0,"9":0,"10":0,"11":0,"12":0,"13":0,"14":0,"15":0,"16":0,"17":0,"18":0,"19":0,"20":0,"21":0,"22":0,"23":0,"24":0,"25":0,"26":0,"27":0,"28":0,"29":0,"30":0,"31":0,"32":0,"33":0,"34":0,"35":0,"36":0,"37":0,"38":0,"39":0,"40":0,"41":0,"42":0,"43":0,"44":0,"45":0,"46":0,"47":0,"48":0,"49":0,"50":0,"51":0,"52":0,"53":0,"54":0,"55":0,"56":0,"57":0,"58":0,"59":0,"60":0,"61":0,"62":0,"63":0,"64":0,"65":0,"66":0,"67":0,"68":0,"69":0,"70":0,"71":0,"72":0,"73":0,"74":0,"75":0,"76":0,"77":0,"78":0,"79":0,"80":0,"81":0,"82":0,"83":0,"84":0,"85":0,"86":0,"87":0,"88":0,"89":0,"90":0,"91":0,"92":0,"93":0,"94":0,"95":0,"96":0,"97":0,"98":0,"99":0,"100":0,"101":0,"102":0,"103":0,"104":0,"105":0,"106":0,"107":0,"108":0,"109":0,"110":0,"111":0,"112":0,"113":0,"114":0,"115":0,"116":0,"117":0,"118":0,"119":0,"120":0,"121":1},"f":{"0":0,"1":0,"2":0,"3":0,"4":0,"5":0,"6":0,"7":0,"8":0,"9":0},"b":{"0":[0,0],"1":[0,0],"2":[0,0],"3":[0,0],"4":[0,0],"5":[0,0],"6":[0,0],"7":[0,0],"8":[0,0],"9":[0,0],"10":[0,0],"11":[0,0],"12":[0,0],"13":[0,0],"14":[0,0],"15":[0,0]},"_coverageSchema":"1a1c01bbd47fc00a2c39e90264f33305004495a9","hash":"ef1e7551358354d5547dd317062bef58b99819af"}
,"D:\\phase-2\\repeat2\\IP-HCK69\\server\\helpers\\bcrypt.js": {"path":"D:\\phase-2\\repeat2\\IP-HCK69\\server\\helpers\\bcrypt.js","statementMap":{"0":{"start":{"line":1,"column":15},"end":{"line":1,"column":34}},"1":{"start":{"line":3,"column":21},"end":{"line":5,"column":1}},"2":{"start":{"line":4,"column":2},"end":{"line":4,"column":60}},"3":{"start":{"line":7,"column":24},"end":{"line":9,"column":1}},"4":{"start":{"line":8,"column":2},"end":{"line":8,"column":51}},"5":{"start":{"line":11,"column":0},"end":{"line":11,"column":51}}},"fnMap":{"0":{"name":"(anonymous_0)","decl":{"start":{"line":3,"column":21},"end":{"line":3,"column":22}},"loc":{"start":{"line":3,"column":36},"end":{"line":5,"column":1}},"line":3},"1":{"name":"(anonymous_1)","decl":{"start":{"line":7,"column":24},"end":{"line":7,"column":25}},"loc":{"start":{"line":7,"column":51},"end":{"line":9,"column":1}},"line":7}},"branchMap":{},"s":{"0":1,"1":1,"2":3,"3":1,"4":1,"5":1},"f":{"0":3,"1":1},"b":{},"_coverageSchema":"1a1c01bbd47fc00a2c39e90264f33305004495a9","hash":"910dd8895aa55493cef085503ea2f04def529c20"}
,"D:\\phase-2\\repeat2\\IP-HCK69\\server\\helpers\\jwt.js": {"path":"D:\\phase-2\\repeat2\\IP-HCK69\\server\\helpers\\jwt.js","statementMap":{"0":{"start":{"line":1,"column":12},"end":{"line":1,"column":35}},"1":{"start":{"line":2,"column":15},"end":{"line":2,"column":23}},"2":{"start":{"line":4,"column":18},"end":{"line":6,"column":1}},"3":{"start":{"line":5,"column":2},"end":{"line":5,"column":35}},"4":{"start":{"line":8,"column":20},"end":{"line":10,"column":1}},"5":{"start":{"line":9,"column":2},"end":{"line":9,"column":35}},"6":{"start":{"line":12,"column":0},"end":{"line":12,"column":44}}},"fnMap":{"0":{"name":"(anonymous_0)","decl":{"start":{"line":4,"column":18},"end":{"line":4,"column":19}},"loc":{"start":{"line":4,"column":31},"end":{"line":6,"column":1}},"line":4},"1":{"name":"(anonymous_1)","decl":{"start":{"line":8,"column":20},"end":{"line":8,"column":21}},"loc":{"start":{"line":8,"column":31},"end":{"line":10,"column":1}},"line":8}},"branchMap":{},"s":{"0":1,"1":1,"2":1,"3":2,"4":1,"5":0,"6":1},"f":{"0":2,"1":0},"b":{},"_coverageSchema":"1a1c01bbd47fc00a2c39e90264f33305004495a9","hash":"b0f290a8466cacfcbc5ec472353fc8df3d8e239c"}
,"D:\\phase-2\\repeat2\\IP-HCK69\\server\\middlewares\\authentication.js": {"path":"D:\\phase-2\\repeat2\\IP-HCK69\\server\\middlewares\\authentication.js","statementMap":{"0":{"start":{"line":1,"column":24},"end":{"line":1,"column":49}},"1":{"start":{"line":2,"column":17},"end":{"line":2,"column":37}},"2":{"start":{"line":4,"column":23},"end":{"line":22,"column":1}},"3":{"start":{"line":5,"column":2},"end":{"line":21,"column":3}},"4":{"start":{"line":6,"column":30},"end":{"line":6,"column":41}},"5":{"start":{"line":7,"column":4},"end":{"line":7,"column":55}},"6":{"start":{"line":7,"column":24},"end":{"line":7,"column":55}},"7":{"start":{"line":9,"column":26},"end":{"line":9,"column":50}},"8":{"start":{"line":10,"column":4},"end":{"line":10,"column":58}},"9":{"start":{"line":10,"column":27},"end":{"line":10,"column":58}},"10":{"start":{"line":12,"column":19},"end":{"line":12,"column":37}},"11":{"start":{"line":14,"column":17},"end":{"line":14,"column":40}},"12":{"start":{"line":15,"column":4},"end":{"line":15,"column":46}},"13":{"start":{"line":15,"column":15},"end":{"line":15,"column":46}},"14":{"start":{"line":17,"column":4},"end":{"line":17,"column":20}},"15":{"start":{"line":18,"column":4},"end":{"line":18,"column":11}},"16":{"start":{"line":20,"column":4},"end":{"line":20,"column":16}},"17":{"start":{"line":24,"column":0},"end":{"line":24,"column":36}}},"fnMap":{"0":{"name":"(anonymous_0)","decl":{"start":{"line":4,"column":23},"end":{"line":4,"column":24}},"loc":{"start":{"line":4,"column":49},"end":{"line":22,"column":1}},"line":4}},"branchMap":{"0":{"loc":{"start":{"line":7,"column":4},"end":{"line":7,"column":55}},"type":"if","locations":[{"start":{"line":7,"column":4},"end":{"line":7,"column":55}},{"start":{},"end":{}}],"line":7},"1":{"loc":{"start":{"line":10,"column":4},"end":{"line":10,"column":58}},"type":"if","locations":[{"start":{"line":10,"column":4},"end":{"line":10,"column":58}},{"start":{},"end":{}}],"line":10},"2":{"loc":{"start":{"line":15,"column":4},"end":{"line":15,"column":46}},"type":"if","locations":[{"start":{"line":15,"column":4},"end":{"line":15,"column":46}},{"start":{},"end":{}}],"line":15}},"s":{"0":1,"1":1,"2":1,"3":0,"4":0,"5":0,"6":0,"7":0,"8":0,"9":0,"10":0,"11":0,"12":0,"13":0,"14":0,"15":0,"16":0,"17":1},"f":{"0":0},"b":{"0":[0,0],"1":[0,0],"2":[0,0]},"_coverageSchema":"1a1c01bbd47fc00a2c39e90264f33305004495a9","hash":"98d3709db08b67b40cfde3f6135b574ad07c1326"}
,"D:\\phase-2\\repeat2\\IP-HCK69\\server\\middlewares\\authorization.js": {"path":"D:\\phase-2\\repeat2\\IP-HCK69\\server\\middlewares\\authorization.js","statementMap":{"0":{"start":{"line":1,"column":22},"end":{"line":13,"column":1}},"1":{"start":{"line":2,"column":2},"end":{"line":12,"column":3}},"2":{"start":{"line":4,"column":4},"end":{"line":8,"column":5}},"3":{"start":{"line":5,"column":6},"end":{"line":5,"column":13}},"4":{"start":{"line":7,"column":6},"end":{"line":7,"column":40}},"5":{"start":{"line":10,"column":4},"end":{"line":10,"column":23}},"6":{"start":{"line":11,"column":4},"end":{"line":11,"column":16}},"7":{"start":{"line":15,"column":0},"end":{"line":15,"column":35}}},"fnMap":{"0":{"name":"(anonymous_0)","decl":{"start":{"line":1,"column":22},"end":{"line":1,"column":23}},"loc":{"start":{"line":1,"column":48},"end":{"line":13,"column":1}},"line":1}},"branchMap":{"0":{"loc":{"start":{"line":4,"column":4},"end":{"line":8,"column":5}},"type":"if","locations":[{"start":{"line":4,"column":4},"end":{"line":8,"column":5}},{"start":{"line":6,"column":11},"end":{"line":8,"column":5}}],"line":4}},"s":{"0":1,"1":0,"2":0,"3":0,"4":0,"5":0,"6":0,"7":1},"f":{"0":0},"b":{"0":[0,0]},"_coverageSchema":"1a1c01bbd47fc00a2c39e90264f33305004495a9","hash":"051f0f2cb6e3401917c29d6a484d37e09db3150b"}
,"D:\\phase-2\\repeat2\\IP-HCK69\\server\\middlewares\\errHandler.js": {"path":"D:\\phase-2\\repeat2\\IP-HCK69\\server\\middlewares\\errHandler.js","statementMap":{"0":{"start":{"line":1,"column":19},"end":{"line":55,"column":1}},"1":{"start":{"line":2,"column":2},"end":{"line":54,"column":3}},"2":{"start":{"line":4,"column":6},"end":{"line":4,"column":63}},"3":{"start":{"line":5,"column":6},"end":{"line":5,"column":12}},"4":{"start":{"line":7,"column":6},"end":{"line":7,"column":68}},"5":{"start":{"line":8,"column":6},"end":{"line":8,"column":12}},"6":{"start":{"line":10,"column":6},"end":{"line":12,"column":74}},"7":{"start":{"line":13,"column":6},"end":{"line":13,"column":12}},"8":{"start":{"line":15,"column":6},"end":{"line":15,"column":73}},"9":{"start":{"line":16,"column":6},"end":{"line":16,"column":12}},"10":{"start":{"line":18,"column":6},"end":{"line":18,"column":61}},"11":{"start":{"line":19,"column":6},"end":{"line":19,"column":12}},"12":{"start":{"line":21,"column":6},"end":{"line":21,"column":64}},"13":{"start":{"line":22,"column":6},"end":{"line":22,"column":12}},"14":{"start":{"line":24,"column":6},"end":{"line":24,"column":69}},"15":{"start":{"line":25,"column":6},"end":{"line":25,"column":12}},"16":{"start":{"line":27,"column":6},"end":{"line":27,"column":66}},"17":{"start":{"line":28,"column":6},"end":{"line":28,"column":12}},"18":{"start":{"line":30,"column":6},"end":{"line":30,"column":64}},"19":{"start":{"line":31,"column":6},"end":{"line":31,"column":12}},"20":{"start":{"line":33,"column":6},"end":{"line":33,"column":65}},"21":{"start":{"line":34,"column":6},"end":{"line":34,"column":12}},"22":{"start":{"line":36,"column":6},"end":{"line":38,"column":72}},"23":{"start":{"line":39,"column":6},"end":{"line":39,"column":12}},"24":{"start":{"line":42,"column":6},"end":{"line":42,"column":57}},"25":{"start":{"line":43,"column":6},"end":{"line":43,"column":12}},"26":{"start":{"line":45,"column":6},"end":{"line":45,"column":60}},"27":{"start":{"line":46,"column":6},"end":{"line":46,"column":12}},"28":{"start":{"line":48,"column":6},"end":{"line":48,"column":68}},"29":{"start":{"line":49,"column":6},"end":{"line":49,"column":12}},"30":{"start":{"line":51,"column":6},"end":{"line":51,"column":23}},"31":{"start":{"line":52,"column":6},"end":{"line":52,"column":65}},"32":{"start":{"line":53,"column":6},"end":{"line":53,"column":12}},"33":{"start":{"line":57,"column":0},"end":{"line":57,"column":32}}},"fnMap":{"0":{"name":"(anonymous_0)","decl":{"start":{"line":1,"column":19},"end":{"line":1,"column":20}},"loc":{"start":{"line":1,"column":44},"end":{"line":55,"column":1}},"line":1}},"branchMap":{"0":{"loc":{"start":{"line":2,"column":2},"end":{"line":54,"column":3}},"type":"switch","locations":[{"start":{"line":3,"column":4},"end":{"line":5,"column":12}},{"start":{"line":6,"column":4},"end":{"line":8,"column":12}},{"start":{"line":9,"column":4},"end":{"line":13,"column":12}},{"start":{"line":14,"column":4},"end":{"line":16,"column":12}},{"start":{"line":17,"column":4},"end":{"line":19,"column":12}},{"start":{"line":20,"column":4},"end":{"line":22,"column":12}},{"start":{"line":23,"column":4},"end":{"line":25,"column":12}},{"start":{"line":26,"column":4},"end":{"line":28,"column":12}},{"start":{"line":29,"column":4},"end":{"line":31,"column":12}},{"start":{"line":32,"column":4},"end":{"line":34,"column":12}},{"start":{"line":35,"column":4},"end":{"line":39,"column":12}},{"start":{"line":40,"column":4},"end":{"line":40,"column":24}},{"start":{"line":41,"column":4},"end":{"line":43,"column":12}},{"start":{"line":44,"column":4},"end":{"line":46,"column":12}},{"start":{"line":47,"column":4},"end":{"line":49,"column":12}},{"start":{"line":50,"column":4},"end":{"line":53,"column":12}}],"line":2}},"s":{"0":1,"1":7,"2":5,"3":5,"4":0,"5":0,"6":0,"7":0,"8":0,"9":0,"10":1,"11":1,"12":1,"13":1,"14":0,"15":0,"16":0,"17":0,"18":0,"19":0,"20":0,"21":0,"22":0,"23":0,"24":0,"25":0,"26":0,"27":0,"28":0,"29":0,"30":0,"31":0,"32":0,"33":1},"f":{"0":7},"b":{"0":[5,0,0,0,1,1,0,0,0,0,0,0,0,0,0,0]},"_coverageSchema":"1a1c01bbd47fc00a2c39e90264f33305004495a9","hash":"4e183659ba0b3b443c7556d098976236d9edae20"}
,"D:\\phase-2\\repeat2\\IP-HCK69\\server\\models\\anime.js": {"path":"D:\\phase-2\\repeat2\\IP-HCK69\\server\\models\\anime.js","statementMap":{"0":{"start":{"line":2,"column":18},"end":{"line":2,"column":38}},"1":{"start":{"line":3,"column":0},"end":{"line":127,"column":2}},"2":{"start":{"line":12,"column":6},"end":{"line":14,"column":9}},"3":{"start":{"line":15,"column":6},"end":{"line":17,"column":9}},"4":{"start":{"line":20,"column":2},"end":{"line":125,"column":4}},"5":{"start":{"line":126,"column":2},"end":{"line":126,"column":15}}},"fnMap":{"0":{"name":"(anonymous_0)","decl":{"start":{"line":3,"column":17},"end":{"line":3,"column":18}},"loc":{"start":{"line":3,"column":43},"end":{"line":127,"column":1}},"line":3},"1":{"name":"(anonymous_1)","decl":{"start":{"line":10,"column":4},"end":{"line":10,"column":5}},"loc":{"start":{"line":10,"column":29},"end":{"line":18,"column":5}},"line":10}},"branchMap":{},"s":{"0":1,"1":1,"2":1,"3":1,"4":1,"5":1},"f":{"0":1,"1":1},"b":{},"_coverageSchema":"1a1c01bbd47fc00a2c39e90264f33305004495a9","hash":"ecd45997f6b34adb9be520656eafa0ae3208cec5"}
,"D:\\phase-2\\repeat2\\IP-HCK69\\server\\models\\favorite.js": {"path":"D:\\phase-2\\repeat2\\IP-HCK69\\server\\models\\favorite.js","statementMap":{"0":{"start":{"line":2,"column":18},"end":{"line":2,"column":38}},"1":{"start":{"line":3,"column":0},"end":{"line":31,"column":2}},"2":{"start":{"line":12,"column":6},"end":{"line":14,"column":9}},"3":{"start":{"line":15,"column":6},"end":{"line":17,"column":9}},"4":{"start":{"line":20,"column":2},"end":{"line":29,"column":4}},"5":{"start":{"line":30,"column":2},"end":{"line":30,"column":18}}},"fnMap":{"0":{"name":"(anonymous_0)","decl":{"start":{"line":3,"column":17},"end":{"line":3,"column":18}},"loc":{"start":{"line":3,"column":43},"end":{"line":31,"column":1}},"line":3},"1":{"name":"(anonymous_1)","decl":{"start":{"line":10,"column":4},"end":{"line":10,"column":5}},"loc":{"start":{"line":10,"column":29},"end":{"line":18,"column":5}},"line":10}},"branchMap":{},"s":{"0":1,"1":1,"2":1,"3":1,"4":1,"5":1},"f":{"0":1,"1":1},"b":{},"_coverageSchema":"1a1c01bbd47fc00a2c39e90264f33305004495a9","hash":"ca321355c91dce9559afa8382d3557649dc18bd8"}
,"D:\\phase-2\\repeat2\\IP-HCK69\\server\\models\\index.js": {"path":"D:\\phase-2\\repeat2\\IP-HCK69\\server\\models\\index.js","statementMap":{"0":{"start":{"line":3,"column":11},"end":{"line":3,"column":24}},"1":{"start":{"line":4,"column":13},"end":{"line":4,"column":28}},"2":{"start":{"line":5,"column":18},"end":{"line":5,"column":38}},"3":{"start":{"line":6,"column":16},"end":{"line":6,"column":34}},"4":{"start":{"line":7,"column":17},"end":{"line":7,"column":42}},"5":{"start":{"line":8,"column":12},"end":{"line":8,"column":49}},"6":{"start":{"line":9,"column":15},"end":{"line":9,"column":65}},"7":{"start":{"line":10,"column":11},"end":{"line":10,"column":13}},"8":{"start":{"line":13,"column":0},"end":{"line":17,"column":1}},"9":{"start":{"line":14,"column":2},"end":{"line":14,"column":74}},"10":{"start":{"line":16,"column":2},"end":{"line":16,"column":87}},"11":{"start":{"line":19,"column":0},"end":{"line":32,"column":5}},"12":{"start":{"line":22,"column":4},"end":{"line":27,"column":6}},"13":{"start":{"line":30,"column":18},"end":{"line":30,"column":85}},"14":{"start":{"line":31,"column":4},"end":{"line":31,"column":27}},"15":{"start":{"line":34,"column":0},"end":{"line":38,"column":3}},"16":{"start":{"line":35,"column":2},"end":{"line":37,"column":3}},"17":{"start":{"line":36,"column":4},"end":{"line":36,"column":32}},"18":{"start":{"line":40,"column":0},"end":{"line":40,"column":25}},"19":{"start":{"line":41,"column":0},"end":{"line":41,"column":25}},"20":{"start":{"line":43,"column":0},"end":{"line":43,"column":20}}},"fnMap":{"0":{"name":"(anonymous_0)","decl":{"start":{"line":21,"column":10},"end":{"line":21,"column":11}},"loc":{"start":{"line":21,"column":18},"end":{"line":28,"column":3}},"line":21},"1":{"name":"(anonymous_1)","decl":{"start":{"line":29,"column":11},"end":{"line":29,"column":12}},"loc":{"start":{"line":29,"column":19},"end":{"line":32,"column":3}},"line":29},"2":{"name":"(anonymous_2)","decl":{"start":{"line":34,"column":24},"end":{"line":34,"column":25}},"loc":{"start":{"line":34,"column":37},"end":{"line":38,"column":1}},"line":34}},"branchMap":{"0":{"loc":{"start":{"line":8,"column":12},"end":{"line":8,"column":49}},"type":"binary-expr","locations":[{"start":{"line":8,"column":12},"end":{"line":8,"column":32}},{"start":{"line":8,"column":36},"end":{"line":8,"column":49}}],"line":8},"1":{"loc":{"start":{"line":13,"column":0},"end":{"line":17,"column":1}},"type":"if","locations":[{"start":{"line":13,"column":0},"end":{"line":17,"column":1}},{"start":{"line":15,"column":7},"end":{"line":17,"column":1}}],"line":13},"2":{"loc":{"start":{"line":23,"column":6},"end":{"line":26,"column":37}},"type":"binary-expr","locations":[{"start":{"line":23,"column":6},"end":{"line":23,"column":29}},{"start":{"line":24,"column":6},"end":{"line":24,"column":23}},{"start":{"line":25,"column":6},"end":{"line":25,"column":30}},{"start":{"line":26,"column":6},"end":{"line":26,"column":37}}],"line":23},"3":{"loc":{"start":{"line":35,"column":2},"end":{"line":37,"column":3}},"type":"if","locations":[{"start":{"line":35,"column":2},"end":{"line":37,"column":3}},{"start":{},"end":{}}],"line":35}},"s":{"0":1,"1":1,"2":1,"3":1,"4":1,"5":1,"6":1,"7":1,"8":1,"9":0,"10":1,"11":1,"12":6,"13":5,"14":5,"15":1,"16":5,"17":5,"18":1,"19":1,"20":1},"f":{"0":6,"1":5,"2":5},"b":{"0":[1,0],"1":[0,1],"2":[6,6,5,5],"3":[5,0]},"_coverageSchema":"1a1c01bbd47fc00a2c39e90264f33305004495a9","hash":"67a113245d20b3c20e3fa30b1feea271d54e4f7a"}
,"D:\\phase-2\\repeat2\\IP-HCK69\\server\\models\\order.js": {"path":"D:\\phase-2\\repeat2\\IP-HCK69\\server\\models\\order.js","statementMap":{"0":{"start":{"line":2,"column":18},"end":{"line":2,"column":38}},"1":{"start":{"line":3,"column":0},"end":{"line":48,"column":2}},"2":{"start":{"line":12,"column":6},"end":{"line":14,"column":9}},"3":{"start":{"line":17,"column":2},"end":{"line":46,"column":4}},"4":{"start":{"line":47,"column":2},"end":{"line":47,"column":15}}},"fnMap":{"0":{"name":"(anonymous_0)","decl":{"start":{"line":3,"column":17},"end":{"line":3,"column":18}},"loc":{"start":{"line":3,"column":43},"end":{"line":48,"column":1}},"line":3},"1":{"name":"(anonymous_1)","decl":{"start":{"line":10,"column":4},"end":{"line":10,"column":5}},"loc":{"start":{"line":10,"column":29},"end":{"line":15,"column":5}},"line":10}},"branchMap":{},"s":{"0":1,"1":1,"2":1,"3":1,"4":1},"f":{"0":1,"1":1},"b":{},"_coverageSchema":"1a1c01bbd47fc00a2c39e90264f33305004495a9","hash":"268448b1b1eec22a2bab4ef3bd510df4ce21b01b"}
,"D:\\phase-2\\repeat2\\IP-HCK69\\server\\models\\score.js": {"path":"D:\\phase-2\\repeat2\\IP-HCK69\\server\\models\\score.js","statementMap":{"0":{"start":{"line":2,"column":18},"end":{"line":2,"column":38}},"1":{"start":{"line":3,"column":0},"end":{"line":27,"column":2}},"2":{"start":{"line":12,"column":6},"end":{"line":14,"column":9}},"3":{"start":{"line":17,"column":2},"end":{"line":25,"column":4}},"4":{"start":{"line":26,"column":2},"end":{"line":26,"column":15}}},"fnMap":{"0":{"name":"(anonymous_0)","decl":{"start":{"line":3,"column":17},"end":{"line":3,"column":18}},"loc":{"start":{"line":3,"column":43},"end":{"line":27,"column":1}},"line":3},"1":{"name":"(anonymous_1)","decl":{"start":{"line":10,"column":4},"end":{"line":10,"column":5}},"loc":{"start":{"line":10,"column":29},"end":{"line":15,"column":5}},"line":10}},"branchMap":{},"s":{"0":1,"1":1,"2":1,"3":1,"4":1},"f":{"0":1,"1":1},"b":{},"_coverageSchema":"1a1c01bbd47fc00a2c39e90264f33305004495a9","hash":"c0bb6dea93a7118618815cdb018be7d504a30959"}
,"D:\\phase-2\\repeat2\\IP-HCK69\\server\\models\\user.js": {"path":"D:\\phase-2\\repeat2\\IP-HCK69\\server\\models\\user.js","statementMap":{"0":{"start":{"line":2,"column":18},"end":{"line":2,"column":38}},"1":{"start":{"line":3,"column":25},"end":{"line":3,"column":53}},"2":{"start":{"line":4,"column":0},"end":{"line":79,"column":2}},"3":{"start":{"line":13,"column":6},"end":{"line":15,"column":9}},"4":{"start":{"line":16,"column":6},"end":{"line":18,"column":9}},"5":{"start":{"line":21,"column":2},"end":{"line":74,"column":4}},"6":{"start":{"line":75,"column":2},"end":{"line":77,"column":5}},"7":{"start":{"line":76,"column":4},"end":{"line":76,"column":48}},"8":{"start":{"line":78,"column":2},"end":{"line":78,"column":14}}},"fnMap":{"0":{"name":"(anonymous_0)","decl":{"start":{"line":4,"column":17},"end":{"line":4,"column":18}},"loc":{"start":{"line":4,"column":43},"end":{"line":79,"column":1}},"line":4},"1":{"name":"(anonymous_1)","decl":{"start":{"line":11,"column":4},"end":{"line":11,"column":5}},"loc":{"start":{"line":11,"column":29},"end":{"line":19,"column":5}},"line":11},"2":{"name":"(anonymous_2)","decl":{"start":{"line":75,"column":20},"end":{"line":75,"column":21}},"loc":{"start":{"line":75,"column":30},"end":{"line":77,"column":3}},"line":75}},"branchMap":{},"s":{"0":1,"1":1,"2":1,"3":1,"4":1,"5":1,"6":1,"7":3,"8":1},"f":{"0":1,"1":1,"2":3},"b":{},"_coverageSchema":"1a1c01bbd47fc00a2c39e90264f33305004495a9","hash":"5fdc2a193ca36ebe169bb278fa54d981ab3b817f"}
,"D:\\phase-2\\repeat2\\IP-HCK69\\server\\routes\\index.js": {"path":"D:\\phase-2\\repeat2\\IP-HCK69\\server\\routes\\index.js","statementMap":{"0":{"start":{"line":1,"column":16},"end":{"line":1,"column":34}},"1":{"start":{"line":2,"column":23},"end":{"line":2,"column":63}},"2":{"start":{"line":3,"column":19},"end":{"line":3,"column":55}},"3":{"start":{"line":4,"column":27},"end":{"line":4,"column":67}},"4":{"start":{"line":6,"column":26},"end":{"line":6,"column":65}},"5":{"start":{"line":7,"column":23},"end":{"line":7,"column":59}},"6":{"start":{"line":8,"column":14},"end":{"line":8,"column":30}},"7":{"start":{"line":10,"column":0},"end":{"line":10,"column":49}},"8":{"start":{"line":11,"column":0},"end":{"line":11,"column":43}},"9":{"start":{"line":12,"column":0},"end":{"line":12,"column":56}},"10":{"start":{"line":14,"column":0},"end":{"line":14,"column":41}},"11":{"start":{"line":16,"column":0},"end":{"line":16,"column":26}},"12":{"start":{"line":18,"column":0},"end":{"line":18,"column":49}},"13":{"start":{"line":20,"column":0},"end":{"line":20,"column":50}},"14":{"start":{"line":21,"column":0},"end":{"line":21,"column":51}},"15":{"start":{"line":23,"column":0},"end":{"line":23,"column":41}},"16":{"start":{"line":24,"column":0},"end":{"line":24,"column":42}},"17":{"start":{"line":25,"column":0},"end":{"line":25,"column":52}},"18":{"start":{"line":26,"column":0},"end":{"line":26,"column":52}},"19":{"start":{"line":27,"column":0},"end":{"line":27,"column":57}},"20":{"start":{"line":29,"column":0},"end":{"line":29,"column":22}},"21":{"start":{"line":31,"column":0},"end":{"line":31,"column":23}}},"fnMap":{},"branchMap":{},"s":{"0":1,"1":1,"2":1,"3":1,"4":1,"5":1,"6":1,"7":1,"8":1,"9":1,"10":1,"11":1,"12":1,"13":1,"14":1,"15":1,"16":1,"17":1,"18":1,"19":1,"20":1,"21":1},"f":{},"b":{},"_coverageSchema":"1a1c01bbd47fc00a2c39e90264f33305004495a9","hash":"d6817d62aea76d214dfa4403d69e5add1df8ff8c"}
}
